<?xml version="1.0" encoding="UTF-8"?>
<!-- Generated by org.testng.reporters.JUnitReportReporter -->
<testsuite skipped="1" hostname="RMM-LT-522" name="selenium.Assignment" tests="2" failures="0" timestamp="14 Sep 2019 09:38:13 GMT" time="17.254" errors="0">
  <testcase name="loginTestCase" time="17.254" classname="selenium.Assignment"/>
  <testcase name="logOut" classname="selenium.Assignment">
    <skipped/>
  </testcase> <!-- logOut -->
</testsuite> <!-- selenium.Assignment -->
